2020-05-24T13:10:42: ********************************************************************************
2020-05-24T13:10:42: *                                   ctskymap                                   *
2020-05-24T13:10:42: * ---------------------------------------------------------------------------- *
2020-05-24T13:10:42: * Version: 1.6.3                                                               *
2020-05-24T13:10:42: ********************************************************************************
2020-05-24T13:10:52: +============+
2020-05-24T13:10:52: | Parameters |
2020-05-24T13:10:52: +============+
2020-05-24T13:10:52:  inobs .....................: events.fits
2020-05-24T13:10:52:  caldb .....................: [not queried]
2020-05-24T13:10:52:  irf .......................: [not queried]
2020-05-24T13:10:52:  inmap .....................: NONE
2020-05-24T13:10:52:  outmap ....................: skymap.fits
2020-05-24T13:10:52:  emin ......................: 0.03
2020-05-24T13:10:52:  emax ......................: 150.0
2020-05-24T13:10:52:  usepnt ....................: no
2020-05-24T13:10:52:  nxpix .....................: 120
2020-05-24T13:10:52:  nypix .....................: 120
2020-05-24T13:10:52:  binsz .....................: 0.01666666
2020-05-24T13:10:52:  coordsys ..................: CEL
2020-05-24T13:10:52:  proj ......................: CAR
2020-05-24T13:10:52:  xref ......................: 83.6331
2020-05-24T13:10:52:  yref ......................: 22.0145
2020-05-24T13:10:52:  bkgsubtract ...............: NONE
2020-05-24T13:10:52:  roiradius .................: [not queried]
2020-05-24T13:10:52:  inradius ..................: [not queried]
2020-05-24T13:10:52:  outradius .................: [not queried]
2020-05-24T13:10:52:  iterations ................: [not queried]
2020-05-24T13:10:52:  threshold .................: [not queried]
2020-05-24T13:10:52:  inexclusion ...............: NONE
2020-05-24T13:10:52:  usefft ....................: yes
2020-05-24T13:10:52:  publish ...................: no
2020-05-24T13:10:52:  chatter ...................: 2
2020-05-24T13:10:52:  clobber ...................: yes
2020-05-24T13:10:52:  debug .....................: no
2020-05-24T13:10:52:  mode ......................: ql
2020-05-24T13:10:52:  logfile ...................: ctskymap.log
2020-05-24T13:10:52: 
2020-05-24T13:10:52: +===================+
2020-05-24T13:10:52: | Input observation |
2020-05-24T13:10:52: +===================+
2020-05-24T13:10:52: === GObservations ===
2020-05-24T13:10:52:  Number of observations ....: 1
2020-05-24T13:10:52:  Number of models ..........: 0
2020-05-24T13:10:52:  Number of observed events .: 407399
2020-05-24T13:10:52:  Number of predicted events : 0
2020-05-24T13:10:52: 
2020-05-24T13:10:52: +===========================+
2020-05-24T13:10:52: | Find unbinned observation |
2020-05-24T13:10:52: +===========================+
2020-05-24T13:10:52: === CTA observation (id=000001) ===
2020-05-24T13:10:52:  Including unbinned CTA observation
2020-05-24T13:10:52: 
2020-05-24T13:10:52: +===========================+
2020-05-24T13:10:52: | Fill map from observation |
2020-05-24T13:10:52: +===========================+
2020-05-24T13:10:53: === CTA observation (id=000001) ===
2020-05-24T13:10:53:  Events in list ............: 407399
2020-05-24T13:10:53:  Events in map .............: 75790
2020-05-24T13:10:53:  Events outside RoI ........: 0
2020-05-24T13:10:53:  Events outside map area ...: 331609
2020-05-24T13:10:53:  Events outside energies ...: 0
2020-05-24T13:10:53: 
2020-05-24T13:10:53: +==============+
2020-05-24T13:10:53: | Compute maps |
2020-05-24T13:10:53: +==============+
2020-05-24T13:10:53: 
2020-05-24T13:10:53: +==============+
2020-05-24T13:10:53: | Save sky map |
2020-05-24T13:10:53: +==============+
2020-05-24T13:10:53:  Sky map file ..............: skymap.fits
2020-05-24T13:10:53: 
2020-05-24T13:10:53: Application "ctskymap" terminated after 11 wall clock seconds, consuming 0.54 seconds of CPU time.
