2020-05-24T16:51:50: ********************************************************************************
2020-05-24T16:51:50: *                                   ctobssim                                   *
2020-05-24T16:51:50: * ---------------------------------------------------------------------------- *
2020-05-24T16:51:50: * Version: 1.6.3                                                               *
2020-05-24T16:51:50: ********************************************************************************
2020-05-24T16:51:59: +============+
2020-05-24T16:51:59: | Parameters |
2020-05-24T16:51:59: +============+
2020-05-24T16:51:59:  inobs .....................: NONE
2020-05-24T16:51:59:  inmodel ...................: background.xml
2020-05-24T16:51:59:  caldb .....................: prod3b-v2
2020-05-24T16:51:59:  irf .......................: South_z20_0.5h
2020-05-24T16:51:59:  edisp .....................: no
2020-05-24T16:51:59:  outevents .................: events.fits
2020-05-24T16:51:59:  prefix ....................: sim_events_
2020-05-24T16:51:59:  startindex ................: 1
2020-05-24T16:51:59:  seed ......................: 1
2020-05-24T16:51:59:  ra ........................: 90.0
2020-05-24T16:51:59:  dec .......................: 22.0145
2020-05-24T16:51:59:  rad .......................: 5.0
2020-05-24T16:51:59:  tmin ......................: 2020-05-23T22:00:00
2020-05-24T16:51:59:  tmax ......................: 2020-05-23T22:10:00
2020-05-24T16:51:59:  mjdref ....................: 51544.5
2020-05-24T16:51:59:  emin ......................: 0.03
2020-05-24T16:51:59:  emax ......................: 150.0
2020-05-24T16:51:59:  deadc .....................: 0.98
2020-05-24T16:51:59:  maxrate ...................: 1.0e6
2020-05-24T16:51:59:  eslices ...................: 10
2020-05-24T16:51:59:  nthreads ..................: 0
2020-05-24T16:51:59:  publish ...................: no
2020-05-24T16:51:59:  chatter ...................: 2
2020-05-24T16:51:59:  clobber ...................: yes
2020-05-24T16:51:59:  debug .....................: no
2020-05-24T16:51:59:  mode ......................: ql
2020-05-24T16:51:59:  logfile ...................: ctobssim.log
2020-05-24T16:51:59: 
2020-05-24T16:51:59: WARNING: Energy dispersion will *NOT* be considered for the computation. To consider
2020-05-24T16:51:59:          energy dispersion, please set the "edisp" parameter to "yes". Be aware that
2020-05-24T16:51:59:          using energy dispersion will considerably slow down the computations.
2020-05-24T16:51:59: 
2020-05-24T16:51:59: +================+
2020-05-24T16:51:59: | Execution mode |
2020-05-24T16:51:59: +================+
2020-05-24T16:51:59:  Event list management .....: Save and dispose (reduces memory needs)
2020-05-24T16:51:59:  Output format .............: Write single event list FITS file
2020-05-24T16:51:59: 
2020-05-24T16:51:59: +=============+
2020-05-24T16:51:59: | Seed values |
2020-05-24T16:51:59: +=============+
2020-05-24T16:51:59:  Seed 0 ....................: 9717486569
2020-05-24T16:51:59: 
2020-05-24T16:51:59: +===================+
2020-05-24T16:51:59: | Input observation |
2020-05-24T16:51:59: +===================+
2020-05-24T16:51:59: === GObservations ===
2020-05-24T16:51:59:  Number of observations ....: 1
2020-05-24T16:51:59:  Number of models ..........: 1
2020-05-24T16:51:59:  Number of observed events .: 0
2020-05-24T16:51:59:  Number of predicted events : 0
2020-05-24T16:51:59: 
2020-05-24T16:51:59: +======================+
2020-05-24T16:51:59: | Simulate observation |
2020-05-24T16:51:59: +======================+
2020-05-24T16:51:59: === CTA observation ===
2020-05-24T16:51:59:  Simulation cone ...........: RA=90 deg, Dec=22.0145 deg, radius=5.5 deg
2020-05-24T16:51:59:  Time interval .............: 6.43543e+08 - 6.43544e+08 s
2020-05-24T16:51:59:  Photon energy range .......: 30 GeV - 70.310187347763 GeV
2020-05-24T16:51:59:  Event energy range ........: 30 GeV - 70.310187347763 GeV
2020-05-24T16:51:59:   Simulation area ..........: 3.21783e+09 cm2
2020-05-24T16:51:59:   MC source events .........: 0 (all source models)
2020-05-24T16:51:59:  Photon energy range .......: 70.310187347763 GeV - 164.784081495918 GeV
2020-05-24T16:51:59:  Event energy range ........: 70.310187347763 GeV - 164.784081495918 GeV
2020-05-24T16:51:59:   Simulation area ..........: 9.04273e+09 cm2
2020-05-24T16:51:59:   MC source events .........: 0 (all source models)
2020-05-24T16:51:59:  Photon energy range .......: 164.784081495918 GeV - 386.199988063567 GeV
2020-05-24T16:51:59:  Event energy range ........: 164.784081495918 GeV - 386.199988063567 GeV
2020-05-24T16:51:59:   Simulation area ..........: 1.50666e+10 cm2
2020-05-24T16:51:59:   MC source events .........: 0 (all source models)
2020-05-24T16:51:59:  Photon energy range .......: 386.199988063567 GeV - 905.126450481775 GeV
2020-05-24T16:51:59:  Event energy range ........: 386.199988063567 GeV - 905.126450481775 GeV
2020-05-24T16:51:59:   Simulation area ..........: 3.10833e+10 cm2
2020-05-24T16:51:59:   MC source events .........: 0 (all source models)
2020-05-24T16:51:59:  Photon energy range .......: 905.126450481775 GeV - 2.12132034355964 TeV
2020-05-24T16:51:59:  Event energy range ........: 905.126450481775 GeV - 2.12132034355964 TeV
2020-05-24T16:51:59:   Simulation area ..........: 6.69952e+10 cm2
2020-05-24T16:51:59:   MC source events .........: 0 (all source models)
2020-05-24T16:51:59:  Photon energy range .......: 2.12132034355964 TeV - 4.97168102600998 TeV
2020-05-24T16:51:59:  Event energy range ........: 2.12132034355964 TeV - 4.97168102600998 TeV
2020-05-24T16:51:59:   Simulation area ..........: 8.59761e+10 cm2
2020-05-24T16:51:59:   MC source events .........: 0 (all source models)
2020-05-24T16:51:59:  Photon energy range .......: 4.97168102600998 TeV - 11.651994145736 TeV
2020-05-24T16:51:59:  Event energy range ........: 4.97168102600998 TeV - 11.651994145736 TeV
2020-05-24T16:51:59:   Simulation area ..........: 1.01774e+11 cm2
2020-05-24T16:51:59:   MC source events .........: 0 (all source models)
2020-05-24T16:51:59:  Photon energy range .......: 11.651994145736 TeV - 27.3084630453912 TeV
2020-05-24T16:51:59:  Event energy range ........: 11.651994145736 TeV - 27.3084630453912 TeV
2020-05-24T16:51:59:   Simulation area ..........: 1.4269e+11 cm2
2020-05-24T16:51:59:   MC source events .........: 0 (all source models)
2020-05-24T16:51:59:  Photon energy range .......: 27.3084630453912 TeV - 64.0021050966973 TeV
2020-05-24T16:51:59:  Event energy range ........: 27.3084630453912 TeV - 64.0021050966973 TeV
2020-05-24T16:51:59:   Simulation area ..........: 1.44719e+11 cm2
2020-05-24T16:51:59:   MC source events .........: 0 (all source models)
2020-05-24T16:51:59:  Photon energy range .......: 64.0021050966973 TeV - 150 TeV
2020-05-24T16:51:59:  Event energy range ........: 64.0021050966973 TeV - 150 TeV
2020-05-24T16:51:59:   Simulation area ..........: 1.42405e+11 cm2
2020-05-24T16:51:59:   MC source events .........: 0 (all source models)
2020-05-24T16:52:01:  MC events outside ROI .....: 0
2020-05-24T16:52:01:  MC background events ......: 132336
2020-05-24T16:52:01:  MC identifier 1 ...........: CTABackgroundModel
2020-05-24T16:52:01:  MC events .................: 132336 (all models)
2020-05-24T16:52:01: 
2020-05-24T16:52:01: +==================+
2020-05-24T16:52:01: | Save observation |
2020-05-24T16:52:01: +==================+
2020-05-24T16:52:01: 
2020-05-24T16:52:01: Application "ctobssim" terminated after 11 wall clock seconds, consuming 1.81 seconds of CPU time.
