2020-05-24T16:29:37: ********************************************************************************
2020-05-24T16:29:37: *                                   ctskymap                                   *
2020-05-24T16:29:37: * ---------------------------------------------------------------------------- *
2020-05-24T16:29:37: * Version: 1.6.3                                                               *
2020-05-24T16:29:37: ********************************************************************************
2020-05-24T16:29:47: +============+
2020-05-24T16:29:47: | Parameters |
2020-05-24T16:29:47: +============+
2020-05-24T16:29:47:  inobs .....................: events.fits
2020-05-24T16:29:47:  caldb .....................: [not queried]
2020-05-24T16:29:47:  irf .......................: [not queried]
2020-05-24T16:29:47:  inmap .....................: NONE
2020-05-24T16:29:47:  outmap ....................: skymap.fits
2020-05-24T16:29:47:  emin ......................: 0.03
2020-05-24T16:29:47:  emax ......................: 150.0
2020-05-24T16:29:47:  usepnt ....................: no
2020-05-24T16:29:47:  nxpix .....................: 120
2020-05-24T16:29:47:  nypix .....................: 120
2020-05-24T16:29:47:  binsz .....................: 0.01666666
2020-05-24T16:29:47:  coordsys ..................: CEL
2020-05-24T16:29:47:  proj ......................: CAR
2020-05-24T16:29:47:  xref ......................: 83.6331
2020-05-24T16:29:47:  yref ......................: 22.0145
2020-05-24T16:29:47:  bkgsubtract ...............: NONE
2020-05-24T16:29:47:  roiradius .................: [not queried]
2020-05-24T16:29:47:  inradius ..................: [not queried]
2020-05-24T16:29:47:  outradius .................: [not queried]
2020-05-24T16:29:47:  iterations ................: [not queried]
2020-05-24T16:29:47:  threshold .................: [not queried]
2020-05-24T16:29:47:  inexclusion ...............: NONE
2020-05-24T16:29:47:  usefft ....................: yes
2020-05-24T16:29:47:  publish ...................: no
2020-05-24T16:29:47:  chatter ...................: 2
2020-05-24T16:29:47:  clobber ...................: yes
2020-05-24T16:29:47:  debug .....................: no
2020-05-24T16:29:47:  mode ......................: ql
2020-05-24T16:29:47:  logfile ...................: ctskymap.log
2020-05-24T16:29:47: 
2020-05-24T16:29:47: +===================+
2020-05-24T16:29:47: | Input observation |
2020-05-24T16:29:47: +===================+
2020-05-24T16:29:47: === GObservations ===
2020-05-24T16:29:47:  Number of observations ....: 1
2020-05-24T16:29:47:  Number of models ..........: 0
2020-05-24T16:29:47:  Number of observed events .: 2264
2020-05-24T16:29:47:  Number of predicted events : 0
2020-05-24T16:29:47: 
2020-05-24T16:29:47: +===========================+
2020-05-24T16:29:47: | Find unbinned observation |
2020-05-24T16:29:47: +===========================+
2020-05-24T16:29:47: === CTA observation (id=000001) ===
2020-05-24T16:29:47:  Including unbinned CTA observation
2020-05-24T16:29:47: 
2020-05-24T16:29:47: +===========================+
2020-05-24T16:29:47: | Fill map from observation |
2020-05-24T16:29:47: +===========================+
2020-05-24T16:29:47: === CTA observation (id=000001) ===
2020-05-24T16:29:47:  Events in list ............: 2264
2020-05-24T16:29:47:  Events in map .............: 385
2020-05-24T16:29:47:  Events outside RoI ........: 0
2020-05-24T16:29:47:  Events outside map area ...: 1879
2020-05-24T16:29:47:  Events outside energies ...: 0
2020-05-24T16:29:47: 
2020-05-24T16:29:47: +==============+
2020-05-24T16:29:47: | Compute maps |
2020-05-24T16:29:47: +==============+
2020-05-24T16:29:47: 
2020-05-24T16:29:47: +==============+
2020-05-24T16:29:47: | Save sky map |
2020-05-24T16:29:47: +==============+
2020-05-24T16:29:47:  Sky map file ..............: skymap.fits
2020-05-24T16:29:47: 
2020-05-24T16:29:47: Application "ctskymap" terminated after 10 wall clock seconds, consuming 0.12 seconds of CPU time.
