2020-05-24T15:55:47: ********************************************************************************
2020-05-24T15:55:47: *                                   ctskymap                                   *
2020-05-24T15:55:47: * ---------------------------------------------------------------------------- *
2020-05-24T15:55:47: * Version: 1.6.3                                                               *
2020-05-24T15:55:47: ********************************************************************************
2020-05-24T15:55:59: +============+
2020-05-24T15:55:59: | Parameters |
2020-05-24T15:55:59: +============+
2020-05-24T15:55:59:  inobs .....................: events.fits
2020-05-24T15:55:59:  caldb .....................: [not queried]
2020-05-24T15:55:59:  irf .......................: [not queried]
2020-05-24T15:55:59:  inmap .....................: NONE
2020-05-24T15:55:59:  outmap ....................: skymap.fits
2020-05-24T15:55:59:  emin ......................: 0.03
2020-05-24T15:55:59:  emax ......................: 150.0
2020-05-24T15:55:59:  usepnt ....................: no
2020-05-24T15:55:59:  nxpix .....................: 120
2020-05-24T15:55:59:  nypix .....................: 120
2020-05-24T15:55:59:  binsz .....................: 0.01666666
2020-05-24T15:55:59:  coordsys ..................: CEL
2020-05-24T15:55:59:  proj ......................: CAR
2020-05-24T15:55:59:  xref ......................: 83.6331
2020-05-24T15:55:59:  yref ......................: 22.0145
2020-05-24T15:55:59:  bkgsubtract ...............: NONE
2020-05-24T15:55:59:  roiradius .................: [not queried]
2020-05-24T15:55:59:  inradius ..................: [not queried]
2020-05-24T15:55:59:  outradius .................: [not queried]
2020-05-24T15:55:59:  iterations ................: [not queried]
2020-05-24T15:55:59:  threshold .................: [not queried]
2020-05-24T15:55:59:  inexclusion ...............: NONE
2020-05-24T15:55:59:  usefft ....................: yes
2020-05-24T15:55:59:  publish ...................: no
2020-05-24T15:55:59:  chatter ...................: 2
2020-05-24T15:55:59:  clobber ...................: yes
2020-05-24T15:55:59:  debug .....................: no
2020-05-24T15:55:59:  mode ......................: ql
2020-05-24T15:55:59:  logfile ...................: ctskymap.log
2020-05-24T15:55:59: 
2020-05-24T15:55:59: +===================+
2020-05-24T15:55:59: | Input observation |
2020-05-24T15:55:59: +===================+
2020-05-24T15:55:59: === GObservations ===
2020-05-24T15:55:59:  Number of observations ....: 1
2020-05-24T15:55:59:  Number of models ..........: 0
2020-05-24T15:55:59:  Number of observed events .: 22557
2020-05-24T15:55:59:  Number of predicted events : 0
2020-05-24T15:55:59: 
2020-05-24T15:55:59: +===========================+
2020-05-24T15:55:59: | Find unbinned observation |
2020-05-24T15:55:59: +===========================+
2020-05-24T15:55:59: === CTA observation (id=000001) ===
2020-05-24T15:55:59:  Including unbinned CTA observation
2020-05-24T15:55:59: 
2020-05-24T15:55:59: +===========================+
2020-05-24T15:55:59: | Fill map from observation |
2020-05-24T15:55:59: +===========================+
2020-05-24T15:55:59: === CTA observation (id=000001) ===
2020-05-24T15:55:59:  Events in list ............: 22557
2020-05-24T15:55:59:  Events in map .............: 4214
2020-05-24T15:55:59:  Events outside RoI ........: 0
2020-05-24T15:55:59:  Events outside map area ...: 18343
2020-05-24T15:55:59:  Events outside energies ...: 0
2020-05-24T15:55:59: 
2020-05-24T15:55:59: +==============+
2020-05-24T15:55:59: | Compute maps |
2020-05-24T15:55:59: +==============+
2020-05-24T15:55:59: 
2020-05-24T15:55:59: +==============+
2020-05-24T15:55:59: | Save sky map |
2020-05-24T15:55:59: +==============+
2020-05-24T15:55:59:  Sky map file ..............: skymap.fits
2020-05-24T15:55:59: 
2020-05-24T15:55:59: Application "ctskymap" terminated after 12 wall clock seconds, consuming 0.19 seconds of CPU time.
